This is pdfTeX, Version 3.14159265-2.6-1.40.16 (TeX Live 2015/W32TeX) (preloaded format=pdflatex 2015.8.28)  18 MAY 2016 22:13
entering extended mode
 restricted \write18 enabled.
 %&-line parsing enabled.
**./CDEsGroupPresentation.tex
(./CDEsGroupPresentation.tex
LaTeX2e <2015/01/01> patch level 2
Babel <3.9m> and hyphenation patterns for 79 languages loaded.
(c:/texlive/2015/texmf-dist/tex/latex/beamer/beamer.cls
(c:/texlive/2015/texmf-dist/tex/latex/beamer/beamerbasercs.sty
Package: beamerbasercs 2015/03/08 (rcs-revision 368aa9ba9d38)
)
Document Class: beamer 2015/01/05 3.36 A class for typesetting presentations (r
cs-revision 8a39122e1f63)
(c:/texlive/2015/texmf-dist/tex/latex/beamer/beamerbasemodes.sty
Package: beamerbasemodes 2013/09/03 (rcs-revision 768f2d98ca64)
\beamer@tempbox=\box26
\beamer@tempcount=\count79
\c@beamerpauses=\count80

(c:/texlive/2015/texmf-dist/tex/latex/beamer/beamerbasedecode.sty
Package: beamerbasedecode 2010/05/01 (rcs-revision efa082c6111d)
\beamer@slideinframe=\count81
\beamer@minimum=\count82
)
\beamer@commentbox=\box27
\beamer@modecount=\count83
)
(c:/texlive/2015/texmf-dist/tex/generic/oberdiek/ifpdf.sty
Package: ifpdf 2011/01/30 v2.3 Provides the ifpdf switch (HO)
Package ifpdf Info: pdfTeX in PDF mode is detected.
)
\headheight=\dimen102
\headdp=\dimen103
\footheight=\dimen104
\sidebarheight=\dimen105
\beamer@tempdim=\dimen106
\beamer@finalheight=\dimen107
\beamer@animht=\dimen108
\beamer@animdp=\dimen109
\beamer@animwd=\dimen110
\beamer@leftmargin=\dimen111
\beamer@rightmargin=\dimen112
\beamer@leftsidebar=\dimen113
\beamer@rightsidebar=\dimen114
\beamer@boxsize=\dimen115
\beamer@vboxoffset=\dimen116
\beamer@descdefault=\dimen117
\beamer@descriptionwidth=\dimen118
\beamer@lastskip=\skip41
\beamer@areabox=\box28
\beamer@animcurrent=\box29
\beamer@animshowbox=\box30
\beamer@sectionbox=\box31
\beamer@logobox=\box32
\beamer@linebox=\box33
\beamer@sectioncount=\count84
\beamer@subsubsectionmax=\count85
\beamer@subsectionmax=\count86
\beamer@sectionmax=\count87
\beamer@totalheads=\count88
\beamer@headcounter=\count89
\beamer@partstartpage=\count90
\beamer@sectionstartpage=\count91
\beamer@subsectionstartpage=\count92
\beamer@animationtempa=\count93
\beamer@animationtempb=\count94
\beamer@xpos=\count95
\beamer@ypos=\count96
\beamer@showpartnumber=\count97
\beamer@currentsubsection=\count98
\beamer@coveringdepth=\count99
\beamer@sectionadjust=\count100
\beamer@tocsectionnumber=\count101

(c:/texlive/2015/texmf-dist/tex/latex/beamer/beamerbaseoptions.sty
Package: beamerbaseoptions 2013/03/10 (rcs-revision 47431932db0d)

(c:/texlive/2015/texmf-dist/tex/latex/graphics/keyval.sty
Package: keyval 2014/10/28 v1.15 key=value parser (DPC)
\KV@toks@=\toks14
))
\beamer@paperwidth=\skip42
\beamer@paperheight=\skip43

(c:/texlive/2015/texmf-dist/tex/latex/geometry/geometry.sty
Package: geometry 2010/09/12 v5.6 Page Geometry

(c:/texlive/2015/texmf-dist/tex/generic/oberdiek/ifvtex.sty
Package: ifvtex 2010/03/01 v1.5 Detect VTeX and its facilities (HO)
Package ifvtex Info: VTeX not detected.
)
(c:/texlive/2015/texmf-dist/tex/generic/ifxetex/ifxetex.sty
Package: ifxetex 2010/09/12 v0.6 Provides ifxetex conditional
)
\Gm@cnth=\count102
\Gm@cntv=\count103
\c@Gm@tempcnt=\count104
\Gm@bindingoffset=\dimen119
\Gm@wd@mp=\dimen120
\Gm@odd@mp=\dimen121
\Gm@even@mp=\dimen122
\Gm@layoutwidth=\dimen123
\Gm@layoutheight=\dimen124
\Gm@layouthoffset=\dimen125
\Gm@layoutvoffset=\dimen126
\Gm@dimlist=\toks15
)

Class beamer Warning: ``blue'' is obsolete. Use color theme structure instead o
n input line 348.

(c:/texlive/2015/texmf-dist/tex/latex/base/size11.clo
File: size11.clo 2014/09/29 v1.4h Standard LaTeX file (size option)
)
(c:/texlive/2015/texmf-dist/tex/latex/pgf/basiclayer/pgfcore.sty
(c:/texlive/2015/texmf-dist/tex/latex/graphics/graphicx.sty
Package: graphicx 2014/10/28 v1.0g Enhanced LaTeX Graphics (DPC,SPQR)

(c:/texlive/2015/texmf-dist/tex/latex/graphics/graphics.sty
Package: graphics 2014/10/28 v1.0p Standard LaTeX Graphics (DPC,SPQR)

(c:/texlive/2015/texmf-dist/tex/latex/graphics/trig.sty
Package: trig 1999/03/16 v1.09 sin cos tan (DPC)
)
(c:/texlive/2015/texmf-dist/tex/latex/latexconfig/graphics.cfg
File: graphics.cfg 2010/04/23 v1.9 graphics configuration of TeX Live
)
Package graphics Info: Driver file: pdftex.def on input line 94.

(c:/texlive/2015/texmf-dist/tex/latex/pdftex-def/pdftex.def
File: pdftex.def 2011/05/27 v0.06d Graphics/color for pdfTeX

(c:/texlive/2015/texmf-dist/tex/generic/oberdiek/infwarerr.sty
Package: infwarerr 2010/04/08 v1.3 Providing info/warning/error messages (HO)
)
(c:/texlive/2015/texmf-dist/tex/generic/oberdiek/ltxcmds.sty
Package: ltxcmds 2011/11/09 v1.22 LaTeX kernel commands for general use (HO)
)
\Gread@gobject=\count105
))
\Gin@req@height=\dimen127
\Gin@req@width=\dimen128
)
(c:/texlive/2015/texmf-dist/tex/latex/pgf/systemlayer/pgfsys.sty
(c:/texlive/2015/texmf-dist/tex/latex/pgf/utilities/pgfrcs.sty
(c:/texlive/2015/texmf-dist/tex/generic/pgf/utilities/pgfutil-common.tex
\pgfutil@everybye=\toks16
\pgfutil@tempdima=\dimen129
\pgfutil@tempdimb=\dimen130

(c:/texlive/2015/texmf-dist/tex/generic/pgf/utilities/pgfutil-common-lists.tex)
) (c:/texlive/2015/texmf-dist/tex/generic/pgf/utilities/pgfutil-latex.def
\pgfutil@abb=\box34

(c:/texlive/2015/texmf-dist/tex/latex/ms/everyshi.sty
Package: everyshi 2001/05/15 v3.00 EveryShipout Package (MS)
))
(c:/texlive/2015/texmf-dist/tex/generic/pgf/utilities/pgfrcs.code.tex
Package: pgfrcs 2015/08/07 v3.0.1 (rcs-revision 1.31)
))
(c:/texlive/2015/texmf-dist/tex/generic/pgf/systemlayer/pgfsys.code.tex
Package: pgfsys 2014/07/09 v3.0.1 (rcs-revision 1.48)

(c:/texlive/2015/texmf-dist/tex/generic/pgf/utilities/pgfkeys.code.tex
\pgfkeys@pathtoks=\toks17
\pgfkeys@temptoks=\toks18

(c:/texlive/2015/texmf-dist/tex/generic/pgf/utilities/pgfkeysfiltered.code.tex
\pgfkeys@tmptoks=\toks19
))
\pgf@x=\dimen131
\pgf@y=\dimen132
\pgf@xa=\dimen133
\pgf@ya=\dimen134
\pgf@xb=\dimen135
\pgf@yb=\dimen136
\pgf@xc=\dimen137
\pgf@yc=\dimen138
\w@pgf@writea=\write3
\r@pgf@reada=\read1
\c@pgf@counta=\count106
\c@pgf@countb=\count107
\c@pgf@countc=\count108
\c@pgf@countd=\count109
\t@pgf@toka=\toks20
\t@pgf@tokb=\toks21
\t@pgf@tokc=\toks22
 (c:/texlive/2015/texmf-dist/tex/generic/pgf/systemlayer/pgf.cfg
File: pgf.cfg 2008/05/14  (rcs-revision 1.7)
)
Driver file for pgf: pgfsys-pdftex.def

(c:/texlive/2015/texmf-dist/tex/generic/pgf/systemlayer/pgfsys-pdftex.def
File: pgfsys-pdftex.def 2014/10/11  (rcs-revision 1.35)

(c:/texlive/2015/texmf-dist/tex/generic/pgf/systemlayer/pgfsys-common-pdf.def
File: pgfsys-common-pdf.def 2013/10/10  (rcs-revision 1.13)
)))
(c:/texlive/2015/texmf-dist/tex/generic/pgf/systemlayer/pgfsyssoftpath.code.tex
File: pgfsyssoftpath.code.tex 2013/09/09  (rcs-revision 1.9)
\pgfsyssoftpath@smallbuffer@items=\count110
\pgfsyssoftpath@bigbuffer@items=\count111
)
(c:/texlive/2015/texmf-dist/tex/generic/pgf/systemlayer/pgfsysprotocol.code.tex
File: pgfsysprotocol.code.tex 2006/10/16  (rcs-revision 1.4)
)) (c:/texlive/2015/texmf-dist/tex/latex/xcolor/xcolor.sty
Package: xcolor 2007/01/21 v2.11 LaTeX color extensions (UK)

(c:/texlive/2015/texmf-dist/tex/latex/latexconfig/color.cfg
File: color.cfg 2007/01/18 v1.5 color configuration of teTeX/TeXLive
)
Package xcolor Info: Driver file: pdftex.def on input line 225.
Package xcolor Info: Model `cmy' substituted by `cmy0' on input line 1337.
Package xcolor Info: Model `hsb' substituted by `rgb' on input line 1341.
Package xcolor Info: Model `RGB' extended on input line 1353.
Package xcolor Info: Model `HTML' substituted by `rgb' on input line 1355.
Package xcolor Info: Model `Hsb' substituted by `hsb' on input line 1356.
Package xcolor Info: Model `tHsb' substituted by `hsb' on input line 1357.
Package xcolor Info: Model `HSB' substituted by `hsb' on input line 1358.
Package xcolor Info: Model `Gray' substituted by `gray' on input line 1359.
Package xcolor Info: Model `wave' substituted by `hsb' on input line 1360.
)
(c:/texlive/2015/texmf-dist/tex/generic/pgf/basiclayer/pgfcore.code.tex
Package: pgfcore 2010/04/11 v3.0.1 (rcs-revision 1.7)

(c:/texlive/2015/texmf-dist/tex/generic/pgf/math/pgfmath.code.tex
(c:/texlive/2015/texmf-dist/tex/generic/pgf/math/pgfmathcalc.code.tex
(c:/texlive/2015/texmf-dist/tex/generic/pgf/math/pgfmathutil.code.tex)
(c:/texlive/2015/texmf-dist/tex/generic/pgf/math/pgfmathparser.code.tex
\pgfmath@dimen=\dimen139
\pgfmath@count=\count112
\pgfmath@box=\box35
\pgfmath@toks=\toks23
\pgfmath@stack@operand=\toks24
\pgfmath@stack@operation=\toks25
)
(c:/texlive/2015/texmf-dist/tex/generic/pgf/math/pgfmathfunctions.code.tex
(c:/texlive/2015/texmf-dist/tex/generic/pgf/math/pgfmathfunctions.basic.code.te
x)
(c:/texlive/2015/texmf-dist/tex/generic/pgf/math/pgfmathfunctions.trigonometric
.code.tex)
(c:/texlive/2015/texmf-dist/tex/generic/pgf/math/pgfmathfunctions.random.code.t
ex)
(c:/texlive/2015/texmf-dist/tex/generic/pgf/math/pgfmathfunctions.comparison.co
de.tex)
(c:/texlive/2015/texmf-dist/tex/generic/pgf/math/pgfmathfunctions.base.code.tex
)
(c:/texlive/2015/texmf-dist/tex/generic/pgf/math/pgfmathfunctions.round.code.te
x)
(c:/texlive/2015/texmf-dist/tex/generic/pgf/math/pgfmathfunctions.misc.code.tex
)
(c:/texlive/2015/texmf-dist/tex/generic/pgf/math/pgfmathfunctions.integerarithm
etics.code.tex)))
(c:/texlive/2015/texmf-dist/tex/generic/pgf/math/pgfmathfloat.code.tex
\c@pgfmathroundto@lastzeros=\count113
))
(c:/texlive/2015/texmf-dist/tex/generic/pgf/basiclayer/pgfcorepoints.code.tex
File: pgfcorepoints.code.tex 2013/10/07  (rcs-revision 1.27)
\pgf@picminx=\dimen140
\pgf@picmaxx=\dimen141
\pgf@picminy=\dimen142
\pgf@picmaxy=\dimen143
\pgf@pathminx=\dimen144
\pgf@pathmaxx=\dimen145
\pgf@pathminy=\dimen146
\pgf@pathmaxy=\dimen147
\pgf@xx=\dimen148
\pgf@xy=\dimen149
\pgf@yx=\dimen150
\pgf@yy=\dimen151
\pgf@zx=\dimen152
\pgf@zy=\dimen153
)
(c:/texlive/2015/texmf-dist/tex/generic/pgf/basiclayer/pgfcorepathconstruct.cod
e.tex
File: pgfcorepathconstruct.code.tex 2013/10/07  (rcs-revision 1.29)
\pgf@path@lastx=\dimen154
\pgf@path@lasty=\dimen155
)
(c:/texlive/2015/texmf-dist/tex/generic/pgf/basiclayer/pgfcorepathusage.code.te
x
File: pgfcorepathusage.code.tex 2014/11/02  (rcs-revision 1.24)
\pgf@shorten@end@additional=\dimen156
\pgf@shorten@start@additional=\dimen157
)
(c:/texlive/2015/texmf-dist/tex/generic/pgf/basiclayer/pgfcorescopes.code.tex
File: pgfcorescopes.code.tex 2015/05/08  (rcs-revision 1.46)
\pgfpic=\box36
\pgf@hbox=\box37
\pgf@layerbox@main=\box38
\pgf@picture@serial@count=\count114
)
(c:/texlive/2015/texmf-dist/tex/generic/pgf/basiclayer/pgfcoregraphicstate.code
.tex
File: pgfcoregraphicstate.code.tex 2014/11/02  (rcs-revision 1.12)
\pgflinewidth=\dimen158
)
(c:/texlive/2015/texmf-dist/tex/generic/pgf/basiclayer/pgfcoretransformations.c
ode.tex
File: pgfcoretransformations.code.tex 2015/08/07  (rcs-revision 1.20)
\pgf@pt@x=\dimen159
\pgf@pt@y=\dimen160
\pgf@pt@temp=\dimen161
)
(c:/texlive/2015/texmf-dist/tex/generic/pgf/basiclayer/pgfcorequick.code.tex
File: pgfcorequick.code.tex 2008/10/09  (rcs-revision 1.3)
)
(c:/texlive/2015/texmf-dist/tex/generic/pgf/basiclayer/pgfcoreobjects.code.tex
File: pgfcoreobjects.code.tex 2006/10/11  (rcs-revision 1.2)
)
(c:/texlive/2015/texmf-dist/tex/generic/pgf/basiclayer/pgfcorepathprocessing.co
de.tex
File: pgfcorepathprocessing.code.tex 2013/09/09  (rcs-revision 1.9)
)
(c:/texlive/2015/texmf-dist/tex/generic/pgf/basiclayer/pgfcorearrows.code.tex
File: pgfcorearrows.code.tex 2015/05/14  (rcs-revision 1.43)
\pgfarrowsep=\dimen162
)
(c:/texlive/2015/texmf-dist/tex/generic/pgf/basiclayer/pgfcoreshade.code.tex
File: pgfcoreshade.code.tex 2013/07/15  (rcs-revision 1.15)
\pgf@max=\dimen163
\pgf@sys@shading@range@num=\count115
)
(c:/texlive/2015/texmf-dist/tex/generic/pgf/basiclayer/pgfcoreimage.code.tex
File: pgfcoreimage.code.tex 2013/07/15  (rcs-revision 1.18)

(c:/texlive/2015/texmf-dist/tex/generic/pgf/basiclayer/pgfcoreexternal.code.tex
File: pgfcoreexternal.code.tex 2014/07/09  (rcs-revision 1.21)
\pgfexternal@startupbox=\box39
))
(c:/texlive/2015/texmf-dist/tex/generic/pgf/basiclayer/pgfcorelayers.code.tex
File: pgfcorelayers.code.tex 2013/07/18  (rcs-revision 1.7)
)
(c:/texlive/2015/texmf-dist/tex/generic/pgf/basiclayer/pgfcoretransparency.code
.tex
File: pgfcoretransparency.code.tex 2013/09/30  (rcs-revision 1.5)
)
(c:/texlive/2015/texmf-dist/tex/generic/pgf/basiclayer/pgfcorepatterns.code.tex
File: pgfcorepatterns.code.tex 2013/11/07  (rcs-revision 1.5)
))) (c:/texlive/2015/texmf-dist/tex/latex/pgf/utilities/xxcolor.sty
Package: xxcolor 2003/10/24 ver 0.1
\XC@nummixins=\count116
\XC@countmixins=\count117
)
(c:/texlive/2015/texmf-dist/tex/generic/oberdiek/atbegshi.sty
Package: atbegshi 2011/10/05 v1.16 At begin shipout hook (HO)
)
(c:/texlive/2015/texmf-dist/tex/latex/hyperref/hyperref.sty
Package: hyperref 2012/11/06 v6.83m Hypertext links for LaTeX

(c:/texlive/2015/texmf-dist/tex/generic/oberdiek/hobsub-hyperref.sty
Package: hobsub-hyperref 2012/05/28 v1.13 Bundle oberdiek, subset hyperref (HO)


(c:/texlive/2015/texmf-dist/tex/generic/oberdiek/hobsub-generic.sty
Package: hobsub-generic 2012/05/28 v1.13 Bundle oberdiek, subset generic (HO)
Package: hobsub 2012/05/28 v1.13 Construct package bundles (HO)
Package hobsub Info: Skipping package `infwarerr' (already loaded).
Package hobsub Info: Skipping package `ltxcmds' (already loaded).
Package: ifluatex 2010/03/01 v1.3 Provides the ifluatex switch (HO)
Package ifluatex Info: LuaTeX not detected.
Package hobsub Info: Skipping package `ifvtex' (already loaded).
Package: intcalc 2007/09/27 v1.1 Expandable calculations with integers (HO)
Package hobsub Info: Skipping package `ifpdf' (already loaded).
Package: etexcmds 2011/02/16 v1.5 Avoid name clashes with e-TeX commands (HO)
Package etexcmds Info: Could not find \expanded.
(etexcmds)             That can mean that you are not using pdfTeX 1.50 or
(etexcmds)             that some package has redefined \expanded.
(etexcmds)             In the latter case, load this package earlier.
Package: kvsetkeys 2012/04/25 v1.16 Key value parser (HO)
Package: kvdefinekeys 2011/04/07 v1.3 Define keys (HO)
Package: pdftexcmds 2011/11/29 v0.20 Utility functions of pdfTeX for LuaTeX (HO
)
Package pdftexcmds Info: LuaTeX not detected.
Package pdftexcmds Info: \pdf@primitive is available.
Package pdftexcmds Info: \pdf@ifprimitive is available.
Package pdftexcmds Info: \pdfdraftmode found.
Package: pdfescape 2011/11/25 v1.13 Implements pdfTeX's escape features (HO)
Package: bigintcalc 2012/04/08 v1.3 Expandable calculations on big integers (HO
)
Package: bitset 2011/01/30 v1.1 Handle bit-vector datatype (HO)
Package: uniquecounter 2011/01/30 v1.2 Provide unlimited unique counter (HO)
)
Package hobsub Info: Skipping package `hobsub' (already loaded).
Package: letltxmacro 2010/09/02 v1.4 Let assignment for LaTeX macros (HO)
Package: hopatch 2012/05/28 v1.2 Wrapper for package hooks (HO)
Package: xcolor-patch 2011/01/30 xcolor patch
Package: atveryend 2011/06/30 v1.8 Hooks at the very end of document (HO)
Package atveryend Info: \enddocument detected (standard20110627).
Package hobsub Info: Skipping package `atbegshi' (already loaded).
Package: refcount 2011/10/16 v3.4 Data extraction from label references (HO)
Package: hycolor 2011/01/30 v1.7 Color options for hyperref/bookmark (HO)
)
(c:/texlive/2015/texmf-dist/tex/latex/oberdiek/auxhook.sty
Package: auxhook 2011/03/04 v1.3 Hooks for auxiliary files (HO)
)
(c:/texlive/2015/texmf-dist/tex/latex/oberdiek/kvoptions.sty
Package: kvoptions 2011/06/30 v3.11 Key value format for package options (HO)
)
\@linkdim=\dimen164
\Hy@linkcounter=\count118
\Hy@pagecounter=\count119

(c:/texlive/2015/texmf-dist/tex/latex/hyperref/pd1enc.def
File: pd1enc.def 2012/11/06 v6.83m Hyperref: PDFDocEncoding definition (HO)
)
\Hy@SavedSpaceFactor=\count120

(c:/texlive/2015/texmf-dist/tex/latex/latexconfig/hyperref.cfg
File: hyperref.cfg 2002/06/06 v1.2 hyperref configuration of TeXLive
)
Package hyperref Info: Option `bookmarks' set `true' on input line 4319.
Package hyperref Info: Option `bookmarksopen' set `true' on input line 4319.
Package hyperref Info: Option `implicit' set `false' on input line 4319.
Package hyperref Info: Hyper figures OFF on input line 4443.
Package hyperref Info: Link nesting OFF on input line 4448.
Package hyperref Info: Hyper index ON on input line 4451.
Package hyperref Info: Plain pages OFF on input line 4458.
Package hyperref Info: Backreferencing OFF on input line 4463.
Package hyperref Info: Implicit mode OFF; no redefinition of LaTeX internals.
Package hyperref Info: Bookmarks ON on input line 4688.
\c@Hy@tempcnt=\count121

(c:/texlive/2015/texmf-dist/tex/latex/url/url.sty
\Urlmuskip=\muskip10
Package: url 2013/09/16  ver 3.4  Verb mode for urls, etc.
)
LaTeX Info: Redefining \url on input line 5041.
\XeTeXLinkMargin=\dimen165
\Fld@menulength=\count122
\Field@Width=\dimen166
\Fld@charsize=\dimen167
Package hyperref Info: Hyper figures OFF on input line 6295.
Package hyperref Info: Link nesting OFF on input line 6300.
Package hyperref Info: Hyper index ON on input line 6303.
Package hyperref Info: backreferencing OFF on input line 6310.
Package hyperref Info: Link coloring OFF on input line 6315.
Package hyperref Info: Link coloring with OCG OFF on input line 6320.
Package hyperref Info: PDF/A mode OFF on input line 6325.
LaTeX Info: Redefining \ref on input line 6365.
LaTeX Info: Redefining \pageref on input line 6369.
\Hy@abspage=\count123


Package hyperref Message: Stopped early.

)

Package hyperref Message: Driver (autodetected): hpdftex.

(c:/texlive/2015/texmf-dist/tex/latex/hyperref/hpdftex.def
File: hpdftex.def 2012/11/06 v6.83m Hyperref driver for pdfTeX
\Fld@listcount=\count124
\c@bookmark@seq@number=\count125

(c:/texlive/2015/texmf-dist/tex/latex/oberdiek/rerunfilecheck.sty
Package: rerunfilecheck 2011/04/15 v1.7 Rerun checks for auxiliary files (HO)
Package uniquecounter Info: New unique counter `rerunfilecheck' on input line 2
82.
))
(c:/texlive/2015/texmf-dist/tex/latex/beamer/beamerbaserequires.sty
Package: beamerbaserequires 2010/05/01  (rcs-revision efa082c6111d)

(c:/texlive/2015/texmf-dist/tex/latex/beamer/beamerbasecompatibility.sty
Package: beamerbasecompatibility 2012/05/01  (rcs-revision 67c48b3b652d)
)
(c:/texlive/2015/texmf-dist/tex/latex/beamer/beamerbasefont.sty
Package: beamerbasefont 2015/01/05  (rcs-revision b4b4bee242e2)

(c:/texlive/2015/texmf-dist/tex/latex/amsfonts/amssymb.sty
Package: amssymb 2013/01/14 v3.01 AMS font symbols

(c:/texlive/2015/texmf-dist/tex/latex/amsfonts/amsfonts.sty
Package: amsfonts 2013/01/14 v3.01 Basic AMSFonts support
\@emptytoks=\toks26
\symAMSa=\mathgroup4
\symAMSb=\mathgroup5
LaTeX Font Info:    Overwriting math alphabet `\mathfrak' in version `bold'
(Font)                  U/euf/m/n --> U/euf/b/n on input line 106.
))
(c:/texlive/2015/texmf-dist/tex/latex/sansmathaccent/sansmathaccent.sty
Package: sansmathaccent 2013/03/28

(c:/texlive/2015/texmf-dist/tex/latex/filehook/filehook.sty
Package: filehook 2011/10/12 v0.5d Hooks for input files
)))
(c:/texlive/2015/texmf-dist/tex/latex/beamer/beamerbasetranslator.sty
Package: beamerbasetranslator 2010/06/11  (rcs-revision 85fd1cc7fc42)

(c:/texlive/2015/texmf-dist/tex/latex/beamer/translator/translator.sty
Package: translator 2010/06/12 ver 1.10

(c:/texlive/2015/texmf-dist/tex/latex/beamer/translator/translator-language-map
pings.tex))) (c:/texlive/2015/texmf-dist/tex/latex/beamer/beamerbasemisc.sty
Package: beamerbasemisc 2013/09/03  (rcs-revision a55719c41d85)
)
(c:/texlive/2015/texmf-dist/tex/latex/beamer/beamerbasetwoscreens.sty
Package: beamerbasetwoscreens 2010/05/01  (rcs-revision efa082c6111d)
)
(c:/texlive/2015/texmf-dist/tex/latex/beamer/beamerbaseoverlay.sty
Package: beamerbaseoverlay 2013/12/25  (rcs-revision f6bd5e3805da)
\beamer@argscount=\count126
\beamer@lastskipcover=\skip44
\beamer@trivlistdepth=\count127
)
(c:/texlive/2015/texmf-dist/tex/latex/beamer/beamerbasetitle.sty
Package: beamerbasetitle 2010/09/21  (rcs-revision f0446ed0b6ae)
)
(c:/texlive/2015/texmf-dist/tex/latex/beamer/beamerbasesection.sty
Package: beamerbasesection 2013/06/07  (rcs-revision 60b9fe0f342f)
\c@lecture=\count128
\c@part=\count129
\c@section=\count130
\c@subsection=\count131
\c@subsubsection=\count132
)
(c:/texlive/2015/texmf-dist/tex/latex/beamer/beamerbaseframe.sty
Package: beamerbaseframe 2014/02/20  (rcs-revision 4b8ceeeff434)
\beamer@framebox=\box40
\beamer@frametitlebox=\box41
\beamer@zoombox=\box42
\beamer@zoomcount=\count133
\beamer@zoomframecount=\count134
\beamer@frametextheight=\dimen168
\c@subsectionslide=\count135
\beamer@frametopskip=\skip45
\beamer@framebottomskip=\skip46
\beamer@frametopskipautobreak=\skip47
\beamer@framebottomskipautobreak=\skip48
\beamer@envbody=\toks27
\framewidth=\dimen169
\c@framenumber=\count136
)
(c:/texlive/2015/texmf-dist/tex/latex/beamer/beamerbaseverbatim.sty
Package: beamerbaseverbatim 2015/01/05  (rcs-revision 431510bb5890)
\beamer@verbatimfileout=\write4
)
(c:/texlive/2015/texmf-dist/tex/latex/beamer/beamerbaseframesize.sty
Package: beamerbaseframesize 2011/09/12  (rcs-revision 70f9d8411e54)
\beamer@splitbox=\box43
\beamer@autobreakcount=\count137
\beamer@autobreaklastheight=\dimen170
\beamer@frametitletoks=\toks28
\beamer@framesubtitletoks=\toks29
)
(c:/texlive/2015/texmf-dist/tex/latex/beamer/beamerbaseframecomponents.sty
Package: beamerbaseframecomponents 2013/10/18  (rcs-revision 5cf6c5555a45)
\beamer@footins=\box44
)
(c:/texlive/2015/texmf-dist/tex/latex/beamer/beamerbasecolor.sty
Package: beamerbasecolor 2015/02/21  (rcs-revision d944b04ee2d5)
)
(c:/texlive/2015/texmf-dist/tex/latex/beamer/beamerbasenotes.sty
Package: beamerbasenotes 2012/12/19  (rcs-revision 1686da3db3c9)
\beamer@frameboxcopy=\box45
)
(c:/texlive/2015/texmf-dist/tex/latex/beamer/beamerbasetoc.sty
Package: beamerbasetoc 2015/03/08  (rcs-revision 7270298bbaae)
)
(c:/texlive/2015/texmf-dist/tex/latex/beamer/beamerbasetemplates.sty
Package: beamerbasetemplates 2010/05/01  (rcs-revision efa082c6111d)
\beamer@sbttoks=\toks30

(c:/texlive/2015/texmf-dist/tex/latex/beamer/beamerbaseauxtemplates.sty
Package: beamerbaseauxtemplates 2014/06/30  (rcs-revision 580088513a67)

(c:/texlive/2015/texmf-dist/tex/latex/beamer/beamerbaseboxes.sty
Package: beamerbaseboxes 2012/05/13  (rcs-revision 56972908a390)
\bmb@box=\box46
\bmb@colorbox=\box47
\bmb@boxshadow=\box48
\bmb@boxshadowball=\box49
\bmb@boxshadowballlarge=\box50
\bmb@temp=\dimen171
\bmb@dima=\dimen172
\bmb@dimb=\dimen173
\bmb@prevheight=\dimen174
)
\beamer@blockheadheight=\dimen175
))
(c:/texlive/2015/texmf-dist/tex/latex/beamer/beamerbaselocalstructure.sty
Package: beamerbaselocalstructure 2014/09/10  (rcs-revision 393f6dcff371)

(c:/texlive/2015/texmf-dist/tex/latex/tools/enumerate.sty
Package: enumerate 2014/10/28 v3.00 enumerate extensions (DPC)
\@enLab=\toks31
)
\c@figure=\count138
\c@table=\count139
\abovecaptionskip=\skip49
\belowcaptionskip=\skip50
)
(c:/texlive/2015/texmf-dist/tex/latex/beamer/beamerbasenavigation.sty
Package: beamerbasenavigation 2015/02/27  (rcs-revision 923f4bf87efa)
\beamer@section@min@dim=\dimen176
)
(c:/texlive/2015/texmf-dist/tex/latex/beamer/beamerbasetheorems.sty
Package: beamerbasetheorems 2010/06/06  (rcs-revision 7e7cc5e53e9d)

(c:/texlive/2015/texmf-dist/tex/latex/amsmath/amsmath.sty
Package: amsmath 2013/01/14 v2.14 AMS math features
\@mathmargin=\skip51

For additional information on amsmath, use the `?' option.
(c:/texlive/2015/texmf-dist/tex/latex/amsmath/amstext.sty
Package: amstext 2000/06/29 v2.01

(c:/texlive/2015/texmf-dist/tex/latex/amsmath/amsgen.sty
File: amsgen.sty 1999/11/30 v2.0
\@emptytoks=\toks32
\ex@=\dimen177
))
(c:/texlive/2015/texmf-dist/tex/latex/amsmath/amsbsy.sty
Package: amsbsy 1999/11/29 v1.2d
\pmbraise@=\dimen178
)
(c:/texlive/2015/texmf-dist/tex/latex/amsmath/amsopn.sty
Package: amsopn 1999/12/14 v2.01 operator names
)
\inf@bad=\count140
LaTeX Info: Redefining \frac on input line 210.
\uproot@=\count141
\leftroot@=\count142
LaTeX Info: Redefining \overline on input line 306.
\classnum@=\count143
\DOTSCASE@=\count144
LaTeX Info: Redefining \ldots on input line 378.
LaTeX Info: Redefining \dots on input line 381.
LaTeX Info: Redefining \cdots on input line 466.
\Mathstrutbox@=\box51
\strutbox@=\box52
\big@size=\dimen179
LaTeX Font Info:    Redeclaring font encoding OML on input line 566.
LaTeX Font Info:    Redeclaring font encoding OMS on input line 567.
\macc@depth=\count145
\c@MaxMatrixCols=\count146
\dotsspace@=\muskip11
\c@parentequation=\count147
\dspbrk@lvl=\count148
\tag@help=\toks33
\row@=\count149
\column@=\count150
\maxfields@=\count151
\andhelp@=\toks34
\eqnshift@=\dimen180
\alignsep@=\dimen181
\tagshift@=\dimen182
\tagwidth@=\dimen183
\totwidth@=\dimen184
\lineht@=\dimen185
\@envbody=\toks35
\multlinegap=\skip52
\multlinetaggap=\skip53
\mathdisplay@stack=\toks36
LaTeX Info: Redefining \[ on input line 2665.
LaTeX Info: Redefining \] on input line 2666.
)
(c:/texlive/2015/texmf-dist/tex/latex/amscls/amsthm.sty
Package: amsthm 2015/03/04 v2.20.2
\thm@style=\toks37
\thm@bodyfont=\toks38
\thm@headfont=\toks39
\thm@notefont=\toks40
\thm@headpunct=\toks41
\thm@preskip=\skip54
\thm@postskip=\skip55
\thm@headsep=\skip56
\dth@everypar=\toks42
)
\c@theorem=\count152
)
(c:/texlive/2015/texmf-dist/tex/latex/beamer/beamerbasethemes.sty
Package: beamerbasethemes 2010/05/01  (rcs-revision efa082c6111d)
))
(c:/texlive/2015/texmf-dist/tex/latex/beamer/themes/theme/beamerthemedefault.st
y
Package: beamerthemedefault 2010/06/17  (rcs-revision d02a7cf4d8ae)

(c:/texlive/2015/texmf-dist/tex/latex/beamer/themes/font/beamerfontthemedefault
.sty
Package: beamerfontthemedefault 2012/12/19  (rcs-revision 1686da3db3c9)
)
(c:/texlive/2015/texmf-dist/tex/latex/beamer/themes/color/beamercolorthemedefau
lt.sty
Package: beamercolorthemedefault 2012/12/19  (rcs-revision 1686da3db3c9)
)
(c:/texlive/2015/texmf-dist/tex/latex/beamer/themes/inner/beamerinnerthemedefau
lt.sty
Package: beamerinnerthemedefault 2014/06/30  (rcs-revision 580088513a67)
\beamer@dima=\dimen186
\beamer@dimb=\dimen187
)
(c:/texlive/2015/texmf-dist/tex/latex/beamer/themes/outer/beamerouterthemedefau
lt.sty
Package: beamerouterthemedefault 2012/12/19  (rcs-revision 1686da3db3c9)
))
(c:/texlive/2015/texmf-dist/tex/latex/beamer/themes/color/beamercolorthemestruc
ture.sty
Package: beamercolorthemestructure 2010/06/17  (rcs-revision d02a7cf4d8ae)
))
(c:/texlive/2015/texmf-dist/tex/latex/beamer/themes/theme/beamerthemeCopenhagen
.sty
Package: beamerthemeCopenhagen 2010/06/17  (rcs-revision d02a7cf4d8ae)

(c:/texlive/2015/texmf-dist/tex/latex/beamer/themes/outer/beamerouterthemesplit
.sty
Package: beamerouterthemesplit 2012/10/16  (rcs-revision 51a8c72084af)
)
(c:/texlive/2015/texmf-dist/tex/latex/beamer/themes/inner/beamerinnerthemeround
ed.sty
Package: beamerinnerthemerounded 2010/06/17  (rcs-revision d02a7cf4d8ae)
)
(c:/texlive/2015/texmf-dist/tex/latex/beamer/themes/color/beamercolorthemewhale
.sty
Package: beamercolorthemewhale 2010/06/17  (rcs-revision d02a7cf4d8ae)
)
(c:/texlive/2015/texmf-dist/tex/latex/beamer/themes/color/beamercolorthemeorchi
d.sty
Package: beamercolorthemeorchid 2010/06/17  (rcs-revision d02a7cf4d8ae)
))
(c:/texlive/2015/texmf-dist/tex/latex/beamer/themes/outer/beamerouterthemesmoot
hbars.sty
Package: beamerouterthemesmoothbars 2010/06/17  (rcs-revision d02a7cf4d8ae)
) (c:/texlive/2015/texmf-dist/tex/latex/graphics/epsfig.sty
Package: epsfig 1999/02/16 v1.7a (e)psfig emulation (SPQR)
\epsfxsize=\dimen188
\epsfysize=\dimen189
)
(c:/texlive/2015/texmf-dist/tex/generic/xypic/xy.sty
(c:/texlive/2015/texmf-dist/tex/generic/xypic/xy.tex Bootstrap'ing: catcodes,
docmode, (c:/texlive/2015/texmf-dist/tex/generic/xypic/xyrecat.tex)
(c:/texlive/2015/texmf-dist/tex/generic/xypic/xyidioms.tex)

 Xy-pic version 3.8.9 <2013/10/06>
 Copyright (c) 1991-2013 by Kristoffer H. Rose <krisrose@tug.org> and others
 Xy-pic is free software: see the User's Guide for details.

Loading kernel: messages; fonts; allocations: state,
\X@c=\dimen190
\Y@c=\dimen191
\U@c=\dimen192
\D@c=\dimen193
\L@c=\dimen194
\R@c=\dimen195
\Edge@c=\toks43
\X@p=\dimen196
\Y@p=\dimen197
\U@p=\dimen198
\D@p=\dimen199
\L@p=\dimen200
\R@p=\dimen201
\Edge@p=\toks44
\X@origin=\dimen202
\Y@origin=\dimen203
\X@xbase=\dimen204
\Y@xbase=\dimen205
\X@ybase=\dimen206
\Y@ybase=\dimen207
\X@min=\dimen208
\Y@min=\dimen209
\X@max=\dimen210
\Y@max=\dimen211
\lastobjectbox@=\box53
\zerodotbox@=\box54
\almostz@=\dimen212
 direction,
\d@X=\dimen213
\d@Y=\dimen214
\K@=\count153
\KK@=\count154
\Direction=\count155
\K@dXdY=\dimen215
\K@dYdX=\dimen216
\xyread@=\read2
\xywrite@=\write5
\csp@=\count156
\quotPTK@=\dimen217

utility macros; pictures: \xy, positions,
\swaptoks@@=\toks45
\connectobjectbox@@=\box55
 objects,
\styletoks@=\toks46
 decorations;
kernel objects: directionals, circles, text; options; algorithms: directions,
edges, connections;  Xy-pic loaded)
Package: xy 2013/10/06 Xy-pic version 3.8.9

(c:/texlive/2015/texmf-dist/tex/generic/xypic/xyall.tex
 Xy-pic option: All features v.3.8
(c:/texlive/2015/texmf-dist/tex/generic/xypic/xycurve.tex
 Xy-pic option: Curve and Spline extension v.3.12 curve,
\crv@cnt@=\count157
\crvpts@=\toks47
\splinebox@=\box56
\splineval@=\dimen218
\splinedepth@=\dimen219
\splinetol@=\dimen220
\splinelength@=\dimen221
 circles,
\L@=\dimen222
 loaded)
(c:/texlive/2015/texmf-dist/tex/generic/xypic/xyframe.tex
 Xy-pic option: Frame and Bracket extension v.3.14 loaded)
(c:/texlive/2015/texmf-dist/tex/generic/xypic/xycmtip.tex
 Xy-pic option: Computer Modern tip extension v.3.7
(c:/texlive/2015/texmf-dist/tex/generic/xypic/xytips.tex
 Xy-pic option: More Tips extension v.3.11 loaded) loaded)
(c:/texlive/2015/texmf-dist/tex/generic/xypic/xyline.tex
 Xy-pic option: Line styles extension v.3.10
\xylinethick@=\dimen223
 loaded)
(c:/texlive/2015/texmf-dist/tex/generic/xypic/xyrotate.tex
 Xy-pic option: Rotate and Scale extension v.3.8 loaded)
(c:/texlive/2015/texmf-dist/tex/generic/xypic/xycolor.tex
 Xy-pic option: Colour extension v.3.11 loaded)
(c:/texlive/2015/texmf-dist/tex/generic/xypic/xymatrix.tex
 Xy-pic option: Matrix feature v.3.14
\Row=\count158
\Col=\count159
\queue@=\toks48
\queue@@=\toks49
\qcount@=\count160
\qcount@@=\count161
\matrixsize@=\count162
 loaded)
(c:/texlive/2015/texmf-dist/tex/generic/xypic/xyarrow.tex
 Xy-pic option: Arrow and Path feature v.3.9 path, \ar, loaded)
(c:/texlive/2015/texmf-dist/tex/generic/xypic/xygraph.tex
 Xy-pic option: Graph feature v.3.11 loaded) loaded)
(c:/texlive/2015/texmf-dist/tex/generic/xypic/xyknot.tex
 Xy-pic option: Knots and Links feature v.3.9 knots and links, loaded)
(c:/texlive/2015/texmf-dist/tex/generic/xypic/xypdf.tex
 Xy-pic option: PDF driver v.1.7 Xy-pic pdf driver: `color' extension support
(c:/texlive/2015/texmf-dist/tex/generic/xypic/xypdf-co.tex loaded)
Xy-pic pdf driver: `curve' extension support
(c:/texlive/2015/texmf-dist/tex/generic/xypic/xypdf-cu.tex loaded)
Xy-pic pdf driver: `frame' extension support
(c:/texlive/2015/texmf-dist/tex/generic/xypic/xypdf-fr.tex loaded)
Xy-pic pdf driver: `line' extension support
(c:/texlive/2015/texmf-dist/tex/generic/xypic/xypdf-li.tex loaded)
Xy-pic pdf driver: `rotate' extension support
(c:/texlive/2015/texmf-dist/tex/generic/xypic/xypdf-ro.tex loaded) loaded))
(c:/texlive/2015/texmf-dist/tex/generic/xypic/xyarc.tex
 Xy-pic option: Circle, Ellipse, Arc feature v.3.8 circles, ellipses,
elliptical arcs, loaded)
(c:/texlive/2015/texmf-dist/tex/latex/beamer/multimedia/multimedia.sty
Package: multimedia 2012/05/02 ver 0.02
\mm@movie=\count163
)
(c:/texlive/2015/texmf-dist/tex/latex/setspace/setspace.sty
Package: setspace 2011/12/19 v6.7a set line spacing
)
(c:/texlive/2015/texmf-dist/tex/latex/animate/animate.sty
Package: animate 2015/07/18 PDF animations from files and inline graphics

(c:/texlive/2015/texmf-dist/tex/latex/base/ifthen.sty
Package: ifthen 2014/09/29 v1.1c Standard LaTeX ifthen package (DPC)
)
(c:/texlive/2015/texmf-dist/tex/latex/oberdiek/ifdraft.sty
Package: ifdraft 2008/08/11 v1.3 Detect class options draft and final (HO)
)
(c:/texlive/2015/texmf-dist/tex/latex/tools/calc.sty
Package: calc 2014/10/28 v4.3 Infix arithmetic (KKT,FJ)
\calc@Acount=\count164
\calc@Bcount=\count165
\calc@Adimen=\dimen224
\calc@Bdimen=\dimen225
\calc@Askip=\skip57
\calc@Bskip=\skip58
LaTeX Info: Redefining \setlength on input line 80.
LaTeX Info: Redefining \addtolength on input line 81.
\calc@Ccount=\count166
\calc@Cskip=\skip59
)
(c:/texlive/2015/texmf-dist/tex/latex/oberdiek/atenddvi.sty
Package: atenddvi 2007/04/17 v1.1 At end DVI hook (HO)

(c:/texlive/2015/texmf-dist/tex/latex/oberdiek/zref-abspage.sty
Package: zref-abspage 2012/04/04 v2.24 Module abspage for zref (HO)

(c:/texlive/2015/texmf-dist/tex/latex/oberdiek/zref-base.sty
Package: zref-base 2012/04/04 v2.24 Module base for zref (HO)
Package zref Info: New property list: main on input line 759.
Package zref Info: New property: default on input line 760.
Package zref Info: New property: page on input line 761.
)
\c@abspage=\count167
Package zref Info: New property: abspage on input line 62.
)
(c:/texlive/2015/texmf-dist/tex/latex/oberdiek/zref-lastpage.sty
Package: zref-lastpage 2012/04/04 v2.24 Module lastpage for zref (HO)
Package zref Info: New property list: LastPage on input line 55.
))
(c:/texlive/2015/texmf-dist/tex/latex/animate/animfp.sty
Package: animfp 2009/07/23 fixed point addition for animate.sty
\afp@xs=\count168
\afp@xia=\count169
\afp@xib=\count170
\afp@xfa=\count171
\afp@xfb=\count172
\afp@rega=\count173
\afp@regb=\count174
\afp@regs=\count175
)
(c:/texlive/2015/texmf-dist/tex/context/base/supp-pdf.mkii
[Loading MPS to PDF converter (version 2006.09.02).]
\scratchcounter=\count176
\scratchdimen=\dimen226
\scratchbox=\box57
\nofMPsegments=\count177
\nofMParguments=\count178
\everyMPshowfont=\toks50
\MPscratchCnt=\count179
\MPscratchDim=\dimen227
\MPnumerator=\count180
\makeMPintoPDFobject=\count181
\everyMPtoPDFconversion=\toks51
)
\@anim@box=\box58
\@anim@measbox=\box59
\@anim@tmpdima=\dimen228
\@anim@tmpdimb=\dimen229
\@anim@ocnum=\count182
\@anim@num=\count183
\@anim@curframe=\count184
\@anim@curframe@zb=\count185
\@anim@resizeflags=\count186
\@anim@skipfram=\count187
\@anim@mulframecnt=\count188
\@anim@@tmlnfile=\read3
\@anim@tmpcnt=\count189
\c@@anim@ltxcnt=\count190
\@anim@curlayer=\count191
\@anim@lineno=\count192
\@anim@curfield=\count193
\@anim@@resizeflags=\count194
) (./CDEsGroupPresentation.aux)
\openout1 = `CDEsGroupPresentation.aux'.

LaTeX Font Info:    Checking defaults for OML/cmm/m/it on input line 68.
LaTeX Font Info:    ... okay on input line 68.
LaTeX Font Info:    Checking defaults for T1/cmr/m/n on input line 68.
LaTeX Font Info:    ... okay on input line 68.
LaTeX Font Info:    Checking defaults for OT1/cmr/m/n on input line 68.
LaTeX Font Info:    ... okay on input line 68.
LaTeX Font Info:    Checking defaults for OMS/cmsy/m/n on input line 68.
LaTeX Font Info:    ... okay on input line 68.
LaTeX Font Info:    Checking defaults for OMX/cmex/m/n on input line 68.
LaTeX Font Info:    ... okay on input line 68.
LaTeX Font Info:    Checking defaults for U/cmr/m/n on input line 68.
LaTeX Font Info:    ... okay on input line 68.
LaTeX Font Info:    Checking defaults for PD1/pdf/m/n on input line 68.
LaTeX Font Info:    ... okay on input line 68.

*geometry* driver: auto-detecting
*geometry* detected driver: pdftex
*geometry* verbose mode - [ preamble ] result:
* driver: pdftex
* paper: custom
* layout: <same size as paper>
* layoutoffset:(h,v)=(0.0pt,0.0pt)
* modes: includehead includefoot 
* h-part:(L,W,R)=(28.45274pt, 307.28987pt, 28.45274pt)
* v-part:(T,H,B)=(0.0pt, 273.14662pt, 0.0pt)
* \paperwidth=364.19536pt
* \paperheight=273.14662pt
* \textwidth=307.28987pt
* \textheight=244.6939pt
* \oddsidemargin=-43.81725pt
* \evensidemargin=-43.81725pt
* \topmargin=-72.26999pt
* \headheight=14.22636pt
* \headsep=0.0pt
* \topskip=11.0pt
* \footskip=14.22636pt
* \marginparwidth=4.0pt
* \marginparsep=10.0pt
* \columnsep=10.0pt
* \skip\footins=10.0pt plus 4.0pt minus 2.0pt
* \hoffset=0.0pt
* \voffset=0.0pt
* \mag=1000
* \@twocolumnfalse
* \@twosidefalse
* \@mparswitchfalse
* \@reversemarginfalse
* (1in=72.27pt=25.4mm, 1cm=28.453pt)

(c:/texlive/2015/texmf-dist/tex/latex/oberdiek/epstopdf-base.sty
Package: epstopdf-base 2010/02/09 v2.5 Base part for package epstopdf

(c:/texlive/2015/texmf-dist/tex/latex/oberdiek/grfext.sty
Package: grfext 2010/08/19 v1.1 Manage graphics extensions (HO)
)
Package grfext Info: Graphics extension search list:
(grfext)             [.png,.pdf,.jpg,.mps,.jpeg,.jbig2,.jb2,.PNG,.PDF,.JPG,.JPE
G,.JBIG2,.JB2,.eps]
(grfext)             \AppendGraphicsExtensions on input line 452.

(c:/texlive/2015/texmf-dist/tex/latex/latexconfig/epstopdf-sys.cfg
File: epstopdf-sys.cfg 2010/07/13 v1.3 Configuration of (r)epstopdf for TeX Liv
e
))
ABD: EveryShipout initializing macros
\AtBeginShipoutBox=\box60
Package hyperref Info: Link coloring OFF on input line 68.

(c:/texlive/2015/texmf-dist/tex/latex/hyperref/nameref.sty
Package: nameref 2012/10/27 v2.43 Cross-referencing by name of section

(c:/texlive/2015/texmf-dist/tex/generic/oberdiek/gettitlestring.sty
Package: gettitlestring 2010/12/03 v1.4 Cleanup title references (HO)
)
\c@section@level=\count195
)
LaTeX Info: Redefining \ref on input line 68.
LaTeX Info: Redefining \pageref on input line 68.
LaTeX Info: Redefining \nameref on input line 68.

(./CDEsGroupPresentation.out) (./CDEsGroupPresentation.out)
\@outlinefile=\write6
\openout6 = `CDEsGroupPresentation.out'.

LaTeX Font Info:    Overwriting symbol font `operators' in version `normal'
(Font)                  OT1/cmr/m/n --> OT1/cmss/m/n on input line 68.
LaTeX Font Info:    Overwriting symbol font `operators' in version `bold'
(Font)                  OT1/cmr/bx/n --> OT1/cmss/bx/n on input line 68.
\symnumbers=\mathgroup6
\sympureletters=\mathgroup7
LaTeX Font Info:    Overwriting math alphabet `\mathrm' in version `normal'
(Font)                  OT1/cmss/m/n --> OT1/cmr/m/n on input line 68.
LaTeX Font Info:    Redeclaring math alphabet \mathbf on input line 68.
LaTeX Font Info:    Overwriting math alphabet `\mathbf' in version `normal'
(Font)                  OT1/cmr/bx/n --> OT1/cmss/bx/n on input line 68.
LaTeX Font Info:    Overwriting math alphabet `\mathbf' in version `bold'
(Font)                  OT1/cmr/bx/n --> OT1/cmss/bx/n on input line 68.
LaTeX Font Info:    Redeclaring math alphabet \mathsf on input line 68.
LaTeX Font Info:    Overwriting math alphabet `\mathsf' in version `normal'
(Font)                  OT1/cmss/m/n --> OT1/cmss/m/n on input line 68.
LaTeX Font Info:    Overwriting math alphabet `\mathsf' in version `bold'
(Font)                  OT1/cmss/bx/n --> OT1/cmss/m/n on input line 68.
LaTeX Font Info:    Redeclaring math alphabet \mathit on input line 68.
LaTeX Font Info:    Overwriting math alphabet `\mathit' in version `normal'
(Font)                  OT1/cmr/m/it --> OT1/cmss/m/it on input line 68.
LaTeX Font Info:    Overwriting math alphabet `\mathit' in version `bold'
(Font)                  OT1/cmr/bx/it --> OT1/cmss/m/it on input line 68.
LaTeX Font Info:    Redeclaring math alphabet \mathtt on input line 68.
LaTeX Font Info:    Overwriting math alphabet `\mathtt' in version `normal'
(Font)                  OT1/cmtt/m/n --> OT1/cmtt/m/n on input line 68.
LaTeX Font Info:    Overwriting math alphabet `\mathtt' in version `bold'
(Font)                  OT1/cmtt/m/n --> OT1/cmtt/m/n on input line 68.
LaTeX Font Info:    Overwriting symbol font `numbers' in version `bold'
(Font)                  OT1/cmss/m/n --> OT1/cmss/bx/n on input line 68.
LaTeX Font Info:    Overwriting symbol font `pureletters' in version `bold'
(Font)                  OT1/cmss/m/it --> OT1/cmss/bx/it on input line 68.
LaTeX Font Info:    Overwriting math alphabet `\mathrm' in version `bold'
(Font)                  OT1/cmss/bx/n --> OT1/cmr/bx/n on input line 68.
LaTeX Font Info:    Overwriting math alphabet `\mathbf' in version `bold'
(Font)                  OT1/cmss/bx/n --> OT1/cmss/bx/n on input line 68.
LaTeX Font Info:    Overwriting math alphabet `\mathsf' in version `bold'
(Font)                  OT1/cmss/m/n --> OT1/cmss/bx/n on input line 68.
LaTeX Font Info:    Overwriting math alphabet `\mathit' in version `bold'
(Font)                  OT1/cmss/m/it --> OT1/cmss/bx/it on input line 68.
LaTeX Font Info:    Overwriting math alphabet `\mathtt' in version `bold'
(Font)                  OT1/cmtt/m/n --> OT1/cmtt/bx/n on input line 68.
LaTeX Font Info:    Redeclaring symbol font `pureletters' on input line 68.
LaTeX Font Info:    Overwriting symbol font `pureletters' in version `normal'
(Font)                  OT1/cmss/m/it --> OT1/mathkerncmss/m/sl on input line 6
8.
LaTeX Font Info:    Overwriting symbol font `pureletters' in version `bold'
(Font)                  OT1/cmss/bx/it --> OT1/mathkerncmss/m/sl on input line 
68.
LaTeX Font Info:    Overwriting symbol font `pureletters' in version `bold'
(Font)                  OT1/mathkerncmss/m/sl --> OT1/mathkerncmss/bx/sl on inp
ut line 68.

(c:/texlive/2015/texmf-dist/tex/latex/beamer/translator/dicts/translator-basic-
dictionary/translator-basic-dictionary-English.dict
Dictionary: translator-basic-dictionary, Language: English 
)
(c:/texlive/2015/texmf-dist/tex/latex/beamer/translator/dicts/translator-biblio
graphy-dictionary/translator-bibliography-dictionary-English.dict
Dictionary: translator-bibliography-dictionary, Language: English 
)
(c:/texlive/2015/texmf-dist/tex/latex/beamer/translator/dicts/translator-enviro
nment-dictionary/translator-environment-dictionary-English.dict
Dictionary: translator-environment-dictionary, Language: English 
)
(c:/texlive/2015/texmf-dist/tex/latex/beamer/translator/dicts/translator-months
-dictionary/translator-months-dictionary-English.dict
Dictionary: translator-months-dictionary, Language: English 
)
(c:/texlive/2015/texmf-dist/tex/latex/beamer/translator/dicts/translator-number
s-dictionary/translator-numbers-dictionary-English.dict
Dictionary: translator-numbers-dictionary, Language: English 
)
(c:/texlive/2015/texmf-dist/tex/latex/beamer/translator/dicts/translator-theore
m-dictionary/translator-theorem-dictionary-English.dict
Dictionary: translator-theorem-dictionary, Language: English 
)
LaTeX Info: Redefining \includegraphics on input line 68.
LaTeX Font Info:    Try loading font information for U+msa on input line 68.

(c:/texlive/2015/texmf-dist/tex/latex/amsfonts/umsa.fd
File: umsa.fd 2013/01/14 v3.01 AMS symbols A
)
LaTeX Font Info:    Try loading font information for U+msb on input line 68.

(c:/texlive/2015/texmf-dist/tex/latex/amsfonts/umsb.fd
File: umsb.fd 2013/01/14 v3.01 AMS symbols B
)
LaTeX Font Info:    Try loading font information for OT1+mathkerncmss on input 
line 68.

(c:/texlive/2015/texmf-dist/tex/latex/sansmathaccent/ot1mathkerncmss.fd
File: ot1mathkerncmss.fd 2013/03/27 Fontinst v1.933 font definitions for OT1/ma
thkerncmss.
)
Package xypdf Info: Line width: 0.43799pt on input line 68.

(./CDEsGroupPresentation.nav)

LaTeX Font Warning: Font shape `OT1/cmss/m/n' in size <4> not available
(Font)              size <5> substituted on input line 70.

[1{c:/texlive/2015/texmf-var/fonts/map/pdftex/updmap/pdftex.map}

]
(./CDEsGroupPresentation.toc) [2

] [3

] [4

]
<images/dynam_burgers_1.png, id=303, 753.0534pt x 451.9284pt>
File: images/dynam_burgers_1.png Graphic file (type png)

<use images/dynam_burgers_1.png>
Package pdftex.def Info: images/dynam_burgers_1.png used on input line 114.
(pdftex.def)             Requested size: 188.26288pt x 112.98181pt.
 [5

 <./images/dynam_burgers_1.png (PNG copy)>]
[6

] [7

] <images/mesh_uniform.png, id=444, 422.32782pt x 316.18124pt>
File: images/mesh_uniform.png Graphic file (type png)

<use images/mesh_uniform.png>
Package pdftex.def Info: images/mesh_uniform.png used on input line 143.
(pdftex.def)             Requested size: 147.81694pt x 110.66508pt.

<images/mesh_arclength.png, id=445, 422.32782pt x 316.18124pt>
File: images/mesh_arclength.png Graphic file (type png)

<use images/mesh_arclength.png>
Package pdftex.def Info: images/mesh_arclength.png used on input line 143.
(pdftex.def)             Requested size: 147.81694pt x 110.66508pt.
 [8

 <./images/mesh_uniform.png (PNG copy)> <./images/mesh_arclength.png (PNG copy)
>] [9

] <./images/static_moving_KDV_dt10_0.png (PNG copy)> <./images/static_moving_KD
V_dt10_1.png (PNG copy)> <./images/static_moving_KDV_dt10_2.png (PNG copy)> <./
images/static_moving_KDV_dt10_3.png (PNG copy)> <./images/static_moving_KDV_dt1
0_4.png (PNG copy)> <./images/static_moving_KDV_dt10_5.png (PNG copy)> <./image
s/static_moving_KDV_dt10_6.png (PNG copy)> <./images/static_moving_KDV_dt10_7.p
ng (PNG copy)> <./images/static_moving_KDV_dt10_8.png (PNG copy)> <./images/sta
tic_moving_KDV_dt10_9.png (PNG copy)> <./images/static_moving_KDV_dt10_10.png (
PNG copy)>
Overfull \vbox (6.08138pt too high) detected at line 162
 []

[10

] <./images/static_moving_KDV_dt2_0.png (PNG copy)> <./images/static_moving_KDV
_dt2_1.png (PNG copy)> <./images/static_moving_KDV_dt2_2.png (PNG copy)> <./ima
ges/static_moving_KDV_dt2_3.png (PNG copy)> <./images/static_moving_KDV_dt2_4.p
ng (PNG copy)> <./images/static_moving_KDV_dt2_5.png (PNG copy)> <./images/stat
ic_moving_KDV_dt2_6.png (PNG copy)> <./images/static_moving_KDV_dt2_7.png (PNG 
copy)> <./images/static_moving_KDV_dt2_8.png (PNG copy)> <./images/static_movin
g_KDV_dt2_9.png (PNG copy)> <./images/static_moving_KDV_dt2_10.png (PNG copy)> 
<./images/static_moving_KDV_dt2_11.png (PNG copy)> <./images/static_moving_KDV_
dt2_12.png (PNG copy)> <./images/static_moving_KDV_dt2_13.png (PNG copy)> <./im
ages/static_moving_KDV_dt2_14.png (PNG copy)> <./images/static_moving_KDV_dt2_1
5.png (PNG copy)> <./images/static_moving_KDV_dt2_16.png (PNG copy)> <./images/
static_moving_KDV_dt2_17.png (PNG copy)> <./images/static_moving_KDV_dt2_18.png
 (PNG copy)> <./images/static_moving_KDV_dt2_19.png (PNG copy)> <./images/stati
c_moving_KDV_dt2_20.png (PNG copy)> <./images/static_moving_KDV_dt2_21.png (PNG
 copy)> <./images/static_moving_KDV_dt2_22.png (PNG copy)> <./images/static_mov
ing_KDV_dt2_23.png (PNG copy)> <./images/static_moving_KDV_dt2_24.png (PNG copy
)> <./images/static_moving_KDV_dt2_25.png (PNG copy)> <./images/static_moving_K
DV_dt2_26.png (PNG copy)> <./images/static_moving_KDV_dt2_27.png (PNG copy)> <.
/images/static_moving_KDV_dt2_28.png (PNG copy)> <./images/static_moving_KDV_dt
2_29.png (PNG copy)> <./images/static_moving_KDV_dt2_30.png (PNG copy)> <./imag
es/static_moving_KDV_dt2_31.png (PNG copy)> <./images/static_moving_KDV_dt2_32.
png (PNG copy)> <./images/static_moving_KDV_dt2_33.png (PNG copy)> <./images/st
atic_moving_KDV_dt2_34.png (PNG copy)> <./images/static_moving_KDV_dt2_35.png (
PNG copy)> <./images/static_moving_KDV_dt2_36.png (PNG copy)> <./images/static_
moving_KDV_dt2_37.png (PNG copy)> <./images/static_moving_KDV_dt2_38.png (PNG c
opy)> <./images/static_moving_KDV_dt2_39.png (PNG copy)> <./images/static_movin
g_KDV_dt2_40.png (PNG copy)> <./images/static_moving_KDV_dt2_41.png (PNG copy)>
 <./images/static_moving_KDV_dt2_42.png (PNG copy)> <./images/static_moving_KDV
_dt2_43.png (PNG copy)> <./images/static_moving_KDV_dt2_44.png (PNG copy)> <./i
mages/static_moving_KDV_dt2_45.png (PNG copy)> <./images/static_moving_KDV_dt2_
46.png (PNG copy)> <./images/static_moving_KDV_dt2_47.png (PNG copy)> <./images
/static_moving_KDV_dt2_48.png (PNG copy)> <./images/static_moving_KDV_dt2_49.pn
g (PNG copy)> <./images/static_moving_KDV_dt2_50.png (PNG copy)>
Overfull \vbox (6.08138pt too high) detected at line 169
 []

[11

] <./images/static_moving_burgers_dt01_0.png (PNG copy)> <./images/static_movin
g_burgers_dt01_1.png (PNG copy)> <./images/static_moving_burgers_dt01_2.png (PN
G copy)> <./images/static_moving_burgers_dt01_3.png (PNG copy)> <./images/stati
c_moving_burgers_dt01_4.png (PNG copy)> <./images/static_moving_burgers_dt01_5.
png (PNG copy)> <./images/static_moving_burgers_dt01_6.png (PNG copy)> <./image
s/static_moving_burgers_dt01_7.png (PNG copy)> <./images/static_moving_burgers_
dt01_8.png (PNG copy)> <./images/static_moving_burgers_dt01_9.png (PNG copy)> <
./images/static_moving_burgers_dt01_10.png (PNG copy)>
Overfull \vbox (6.08138pt too high) detected at line 176
 []

[12

] <./images/static_moving_burgers_dt001_0.png (PNG copy)> <./images/static_movi
ng_burgers_dt001_1.png (PNG copy)> <./images/static_moving_burgers_dt001_2.png 
(PNG copy)> <./images/static_moving_burgers_dt001_3.png (PNG copy)> <./images/s
tatic_moving_burgers_dt001_4.png (PNG copy)> <./images/static_moving_burgers_dt
001_5.png (PNG copy)> <./images/static_moving_burgers_dt001_6.png (PNG copy)> <
./images/static_moving_burgers_dt001_7.png (PNG copy)> <./images/static_moving_
burgers_dt001_8.png (PNG copy)> <./images/static_moving_burgers_dt001_9.png (PN
G copy)> <./images/static_moving_burgers_dt001_10.png (PNG copy)> <./images/sta
tic_moving_burgers_dt001_11.png (PNG copy)> <./images/static_moving_burgers_dt0
01_12.png (PNG copy)> <./images/static_moving_burgers_dt001_13.png (PNG copy)> 
<./images/static_moving_burgers_dt001_14.png (PNG copy)> <./images/static_movin
g_burgers_dt001_15.png (PNG copy)> <./images/static_moving_burgers_dt001_16.png
 (PNG copy)> <./images/static_moving_burgers_dt001_17.png (PNG copy)> <./images
/static_moving_burgers_dt001_18.png (PNG copy)> <./images/static_moving_burgers
_dt001_19.png (PNG copy)> <./images/static_moving_burgers_dt001_20.png (PNG cop
y)> <./images/static_moving_burgers_dt001_21.png (PNG copy)> <./images/static_m
oving_burgers_dt001_22.png (PNG copy)> <./images/static_moving_burgers_dt001_23
.png (PNG copy)> <./images/static_moving_burgers_dt001_24.png (PNG copy)> <./im
ages/static_moving_burgers_dt001_25.png (PNG copy)> <./images/static_moving_bur
gers_dt001_26.png (PNG copy)> <./images/static_moving_burgers_dt001_27.png (PNG
 copy)> <./images/static_moving_burgers_dt001_28.png (PNG copy)> <./images/stat
ic_moving_burgers_dt001_29.png (PNG copy)> <./images/static_moving_burgers_dt00
1_30.png (PNG copy)> <./images/static_moving_burgers_dt001_31.png (PNG copy)> <
./images/static_moving_burgers_dt001_32.png (PNG copy)> <./images/static_moving
_burgers_dt001_33.png (PNG copy)> <./images/static_moving_burgers_dt001_34.png 
(PNG copy)> <./images/static_moving_burgers_dt001_35.png (PNG copy)> <./images/
static_moving_burgers_dt001_36.png (PNG copy)> <./images/static_moving_burgers_
dt001_37.png (PNG copy)> <./images/static_moving_burgers_dt001_38.png (PNG copy
)> <./images/static_moving_burgers_dt001_39.png (PNG copy)> <./images/static_mo
ving_burgers_dt001_40.png (PNG copy)> <./images/static_moving_burgers_dt001_41.
png (PNG copy)> <./images/static_moving_burgers_dt001_42.png (PNG copy)> <./ima
ges/static_moving_burgers_dt001_43.png (PNG copy)> <./images/static_moving_burg
ers_dt001_44.png (PNG copy)> <./images/static_moving_burgers_dt001_45.png (PNG 
copy)> <./images/static_moving_burgers_dt001_46.png (PNG copy)> <./images/stati
c_moving_burgers_dt001_47.png (PNG copy)> <./images/static_moving_burgers_dt001
_48.png (PNG copy)> <./images/static_moving_burgers_dt001_49.png (PNG copy)> <.
/images/static_moving_burgers_dt001_50.png (PNG copy)> <./images/static_moving_
burgers_dt001_51.png (PNG copy)> <./images/static_moving_burgers_dt001_52.png (
PNG copy)> <./images/static_moving_burgers_dt001_53.png (PNG copy)> <./images/s
tatic_moving_burgers_dt001_54.png (PNG copy)> <./images/static_moving_burgers_d
t001_55.png (PNG copy)> <./images/static_moving_burgers_dt001_56.png (PNG copy)
> <./images/static_moving_burgers_dt001_57.png (PNG copy)> <./images/static_mov
ing_burgers_dt001_58.png (PNG copy)> <./images/static_moving_burgers_dt001_59.p
ng (PNG copy)> <./images/static_moving_burgers_dt001_60.png (PNG copy)> <./imag
es/static_moving_burgers_dt001_61.png (PNG copy)> <./images/static_moving_burge
rs_dt001_62.png (PNG copy)> <./images/static_moving_burgers_dt001_63.png (PNG c
opy)> <./images/static_moving_burgers_dt001_64.png (PNG copy)> <./images/static
_moving_burgers_dt001_65.png (PNG copy)> <./images/static_moving_burgers_dt001_
66.png (PNG copy)> <./images/static_moving_burgers_dt001_67.png (PNG copy)> <./
images/static_moving_burgers_dt001_68.png (PNG copy)> <./images/static_moving_b
urgers_dt001_69.png (PNG copy)> <./images/static_moving_burgers_dt001_70.png (P
NG copy)> <./images/static_moving_burgers_dt001_71.png (PNG copy)> <./images/st
atic_moving_burgers_dt001_72.png (PNG copy)> <./images/static_moving_burgers_dt
001_73.png (PNG copy)> <./images/static_moving_burgers_dt001_74.png (PNG copy)>
 <./images/static_moving_burgers_dt001_75.png (PNG copy)> <./images/static_movi
ng_burgers_dt001_76.png (PNG copy)> <./images/static_moving_burgers_dt001_77.pn
g (PNG copy)> <./images/static_moving_burgers_dt001_78.png (PNG copy)> <./image
s/static_moving_burgers_dt001_79.png (PNG copy)> <./images/static_moving_burger
s_dt001_80.png (PNG copy)> <./images/static_moving_burgers_dt001_81.png (PNG co
py)> <./images/static_moving_burgers_dt001_82.png (PNG copy)> <./images/static_
moving_burgers_dt001_83.png (PNG copy)> <./images/static_moving_burgers_dt001_8
4.png (PNG copy)> <./images/static_moving_burgers_dt001_85.png (PNG copy)> <./i
mages/static_moving_burgers_dt001_86.png (PNG copy)> <./images/static_moving_bu
rgers_dt001_87.png (PNG copy)> <./images/static_moving_burgers_dt001_88.png (PN
G copy)> <./images/static_moving_burgers_dt001_89.png (PNG copy)> <./images/sta
tic_moving_burgers_dt001_90.png (PNG copy)> <./images/static_moving_burgers_dt0
01_91.png (PNG copy)> <./images/static_moving_burgers_dt001_92.png (PNG copy)> 
<./images/static_moving_burgers_dt001_93.png (PNG copy)> <./images/static_movin
g_burgers_dt001_94.png (PNG copy)> <./images/static_moving_burgers_dt001_95.png
 (PNG copy)> <./images/static_moving_burgers_dt001_96.png (PNG copy)> <./images
/static_moving_burgers_dt001_97.png (PNG copy)> <./images/static_moving_burgers
_dt001_98.png (PNG copy)> <./images/static_moving_burgers_dt001_99.png (PNG cop
y)> <./images/static_moving_burgers_dt001_100.png (PNG copy)>
Overfull \vbox (6.08138pt too high) detected at line 183
 []

[13

] [14

] <./images/static_adapt_burgers_dt01_0.png (PNG copy)> <./images/static_adapt_
burgers_dt01_1.png (PNG copy)> <./images/static_adapt_burgers_dt01_2.png (PNG c
opy)> <./images/static_adapt_burgers_dt01_3.png (PNG copy)> <./images/static_ad
apt_burgers_dt01_4.png (PNG copy)> <./images/static_adapt_burgers_dt01_5.png (P
NG copy)> <./images/static_adapt_burgers_dt01_6.png (PNG copy)> <./images/stati
c_adapt_burgers_dt01_7.png (PNG copy)> <./images/static_adapt_burgers_dt01_8.pn
g (PNG copy)> <./images/static_adapt_burgers_dt01_9.png (PNG copy)> <./images/s
tatic_adapt_burgers_dt01_10.png (PNG copy)>
Overfull \vbox (6.08138pt too high) detected at line 201
 []

[15

] <./images/static_adapt_burgers_dt001_0.png (PNG copy)> <./images/static_adapt
_burgers_dt001_1.png (PNG copy)> <./images/static_adapt_burgers_dt001_2.png (PN
G copy)> <./images/static_adapt_burgers_dt001_3.png (PNG copy)> <./images/stati
c_adapt_burgers_dt001_4.png (PNG copy)> <./images/static_adapt_burgers_dt001_5.
png (PNG copy)> <./images/static_adapt_burgers_dt001_6.png (PNG copy)> <./image
s/static_adapt_burgers_dt001_7.png (PNG copy)> <./images/static_adapt_burgers_d
t001_8.png (PNG copy)> <./images/static_adapt_burgers_dt001_9.png (PNG copy)> <
./images/static_adapt_burgers_dt001_10.png (PNG copy)> <./images/static_adapt_b
urgers_dt001_11.png (PNG copy)> <./images/static_adapt_burgers_dt001_12.png (PN
G copy)> <./images/static_adapt_burgers_dt001_13.png (PNG copy)> <./images/stat
ic_adapt_burgers_dt001_14.png (PNG copy)> <./images/static_adapt_burgers_dt001_
15.png (PNG copy)> <./images/static_adapt_burgers_dt001_16.png (PNG copy)> <./i
mages/static_adapt_burgers_dt001_17.png (PNG copy)> <./images/static_adapt_burg
ers_dt001_18.png (PNG copy)> <./images/static_adapt_burgers_dt001_19.png (PNG c
opy)> <./images/static_adapt_burgers_dt001_20.png (PNG copy)> <./images/static_
adapt_burgers_dt001_21.png (PNG copy)> <./images/static_adapt_burgers_dt001_22.
png (PNG copy)> <./images/static_adapt_burgers_dt001_23.png (PNG copy)> <./imag
es/static_adapt_burgers_dt001_24.png (PNG copy)> <./images/static_adapt_burgers
_dt001_25.png (PNG copy)> <./images/static_adapt_burgers_dt001_26.png (PNG copy
)> <./images/static_adapt_burgers_dt001_27.png (PNG copy)> <./images/static_ada
pt_burgers_dt001_28.png (PNG copy)> <./images/static_adapt_burgers_dt001_29.png
 (PNG copy)> <./images/static_adapt_burgers_dt001_30.png (PNG copy)> <./images/
static_adapt_burgers_dt001_31.png (PNG copy)> <./images/static_adapt_burgers_dt
001_32.png (PNG copy)> <./images/static_adapt_burgers_dt001_33.png (PNG copy)> 
<./images/static_adapt_burgers_dt001_34.png (PNG copy)> <./images/static_adapt_
burgers_dt001_35.png (PNG copy)> <./images/static_adapt_burgers_dt001_36.png (P
NG copy)> <./images/static_adapt_burgers_dt001_37.png (PNG copy)> <./images/sta
tic_adapt_burgers_dt001_38.png (PNG copy)> <./images/static_adapt_burgers_dt001
_39.png (PNG copy)> <./images/static_adapt_burgers_dt001_40.png (PNG copy)> <./
images/static_adapt_burgers_dt001_41.png (PNG copy)> <./images/static_adapt_bur
gers_dt001_42.png (PNG copy)> <./images/static_adapt_burgers_dt001_43.png (PNG 
copy)> <./images/static_adapt_burgers_dt001_44.png (PNG copy)> <./images/static
_adapt_burgers_dt001_45.png (PNG copy)> <./images/static_adapt_burgers_dt001_46
.png (PNG copy)> <./images/static_adapt_burgers_dt001_47.png (PNG copy)> <./ima
ges/static_adapt_burgers_dt001_48.png (PNG copy)> <./images/static_adapt_burger
s_dt001_49.png (PNG copy)> <./images/static_adapt_burgers_dt001_50.png (PNG cop
y)> <./images/static_adapt_burgers_dt001_51.png (PNG copy)> <./images/static_ad
apt_burgers_dt001_52.png (PNG copy)> <./images/static_adapt_burgers_dt001_53.pn
g (PNG copy)> <./images/static_adapt_burgers_dt001_54.png (PNG copy)> <./images
/static_adapt_burgers_dt001_55.png (PNG copy)> <./images/static_adapt_burgers_d
t001_56.png (PNG copy)> <./images/static_adapt_burgers_dt001_57.png (PNG copy)>
 <./images/static_adapt_burgers_dt001_58.png (PNG copy)> <./images/static_adapt
_burgers_dt001_59.png (PNG copy)> <./images/static_adapt_burgers_dt001_60.png (
PNG copy)> <./images/static_adapt_burgers_dt001_61.png (PNG copy)> <./images/st
atic_adapt_burgers_dt001_62.png (PNG copy)> <./images/static_adapt_burgers_dt00
1_63.png (PNG copy)> <./images/static_adapt_burgers_dt001_64.png (PNG copy)> <.
/images/static_adapt_burgers_dt001_65.png (PNG copy)> <./images/static_adapt_bu
rgers_dt001_66.png (PNG copy)> <./images/static_adapt_burgers_dt001_67.png (PNG
 copy)> <./images/static_adapt_burgers_dt001_68.png (PNG copy)> <./images/stati
c_adapt_burgers_dt001_69.png (PNG copy)> <./images/static_adapt_burgers_dt001_7
0.png (PNG copy)> <./images/static_adapt_burgers_dt001_71.png (PNG copy)> <./im
ages/static_adapt_burgers_dt001_72.png (PNG copy)> <./images/static_adapt_burge
rs_dt001_73.png (PNG copy)> <./images/static_adapt_burgers_dt001_74.png (PNG co
py)> <./images/static_adapt_burgers_dt001_75.png (PNG copy)> <./images/static_a
dapt_burgers_dt001_76.png (PNG copy)> <./images/static_adapt_burgers_dt001_77.p
ng (PNG copy)> <./images/static_adapt_burgers_dt001_78.png (PNG copy)> <./image
s/static_adapt_burgers_dt001_79.png (PNG copy)> <./images/static_adapt_burgers_
dt001_80.png (PNG copy)> <./images/static_adapt_burgers_dt001_81.png (PNG copy)
> <./images/static_adapt_burgers_dt001_82.png (PNG copy)> <./images/static_adap
t_burgers_dt001_83.png (PNG copy)> <./images/static_adapt_burgers_dt001_84.png 
(PNG copy)> <./images/static_adapt_burgers_dt001_85.png (PNG copy)> <./images/s
tatic_adapt_burgers_dt001_86.png (PNG copy)> <./images/static_adapt_burgers_dt0
01_87.png (PNG copy)> <./images/static_adapt_burgers_dt001_88.png (PNG copy)> <
./images/static_adapt_burgers_dt001_89.png (PNG copy)> <./images/static_adapt_b
urgers_dt001_90.png (PNG copy)> <./images/static_adapt_burgers_dt001_91.png (PN
G copy)> <./images/static_adapt_burgers_dt001_92.png (PNG copy)> <./images/stat
ic_adapt_burgers_dt001_93.png (PNG copy)> <./images/static_adapt_burgers_dt001_
94.png (PNG copy)> <./images/static_adapt_burgers_dt001_95.png (PNG copy)> <./i
mages/static_adapt_burgers_dt001_96.png (PNG copy)> <./images/static_adapt_burg
ers_dt001_97.png (PNG copy)> <./images/static_adapt_burgers_dt001_98.png (PNG c
opy)> <./images/static_adapt_burgers_dt001_99.png (PNG copy)> <./images/static_
adapt_burgers_dt001_100.png (PNG copy)>
Overfull \vbox (6.08138pt too high) detected at line 208
 []

[16

] [17

] <./images/dynam_burgers_1.png (PNG copy)> <./images/dynam_burgers_2.png (PNG 
copy)> <./images/dynam_burgers_3.png (PNG copy)> <./images/dynam_burgers_4.png 
(PNG copy)> <./images/dynam_burgers_5.png (PNG copy)> <./images/dynam_burgers_6
.png (PNG copy)> <./images/dynam_burgers_7.png (PNG copy)> <./images/dynam_burg
ers_8.png (PNG copy)> <./images/dynam_burgers_9.png (PNG copy)> <./images/dynam
_burgers_10.png (PNG copy)> <./images/dynam_burgers_11.png (PNG copy)>
Overfull \vbox (6.08138pt too high) detected at line 229
 []

[18

]
Package atenddvi Info: Last page = 19.
 [19

]
\tf@nav=\write7
\openout7 = `CDEsGroupPresentation.nav'.

\tf@toc=\write8
\openout8 = `CDEsGroupPresentation.toc'.

\tf@snm=\write9
\openout9 = `CDEsGroupPresentation.snm'.

Package atveryend Info: Empty hook `BeforeClearDocument' on input line 241.
Package atveryend Info: Executing hook `AfterLastShipout' on input line 241.
 (./CDEsGroupPresentation.aux)
Package atveryend Info: Executing hook `AtVeryEndDocument' on input line 241.
Package atveryend Info: Executing hook `AtEndAfterFileList' on input line 241.


Package rerunfilecheck Warning: File `CDEsGroupPresentation.out' has changed.
(rerunfilecheck)                Rerun to get outlines right
(rerunfilecheck)                or use package `bookmark'.

Package rerunfilecheck Info: Checksums for `CDEsGroupPresentation.out':
(rerunfilecheck)             Before: 6B192DEFCFAB09810D638E6A33707308;748
(rerunfilecheck)             After:  A437C3FBF70F88E12D6B02177E8BA211;813.

LaTeX Font Warning: Size substitutions with differences
(Font)              up to 1.0pt have occurred.

Package atveryend Info: Empty hook `AtVeryVeryEnd' on input line 241.
 ) 
Here is how much of TeX's memory you used:
 22635 strings out of 493091
 413143 string characters out of 6138531
 555545 words of memory out of 5000000
 25237 multiletter control sequences out of 15000+600000
 12744 words of font info for 50 fonts, out of 8000000 for 9000
 1141 hyphenation exceptions out of 8191
 56i,20n,63p,3248b,760s stack positions out of 5000i,500n,10000p,200000b,80000s
<c:/texlive/2015/texmf-dist/fonts/type1/public/amsfonts/cm/cmex10.pfb><c:/tex
live/2015/texmf-dist/fonts/type1/public/amsfonts/cm/cmmi10.pfb><c:/texlive/2015
/texmf-dist/fonts/type1/public/amsfonts/cm/cmss10.pfb><c:/texlive/2015/texmf-di
st/fonts/type1/public/amsfonts/cm/cmss12.pfb><c:/texlive/2015/texmf-dist/fonts/
type1/public/amsfonts/cm/cmss17.pfb><c:/texlive/2015/texmf-dist/fonts/type1/pub
lic/amsfonts/cm/cmss8.pfb><c:/texlive/2015/texmf-dist/fonts/type1/public/amsfon
ts/cm/cmssbx10.pfb><c:/texlive/2015/texmf-dist/fonts/type1/public/amsfonts/cm/c
mssi10.pfb><c:/texlive/2015/texmf-dist/fonts/type1/public/amsfonts/cm/cmssi8.pf
b><c:/texlive/2015/texmf-dist/fonts/type1/public/amsfonts/cm/cmsy10.pfb><c:/tex
live/2015/texmf-dist/fonts/type1/public/amsfonts/cm/cmsy6.pfb>
Output written on CDEsGroupPresentation.pdf (19 pages, 25308360 bytes).
PDF statistics:
 2648 PDF objects out of 2984 (max. 8388607)
 1653 compressed objects within 17 object streams
 53 named destinations out of 1000 (max. 500000)
 5321 words of extra memory for PDF output out of 10000 (max. 10000000)

